<?xml version="1.0" encoding="UTF-8"?>
<!-- Generated by org.testng.reporters.JUnitXMLReporter -->
<testsuite ignored="0" hostname="DESKTOP-T7QCDAB" failures="0" tests="1" name="Test" time="0.099" errors="0" timestamp="2022-12-14T14:43:33 IST">
  <testcase classname="Com.BCT.TestCses.LoginTest" name="@BeforeMethod setup" time="-1.671009213324E9">
    <failure type="org.testng.TestNGException" message="
Parameter &amp;apos;browser&amp;apos; is required by BeforeMethod on method setup but has not been marked @Optional or defined
in C:\Users\Tathagat\eclipse-workspace\Browser_Compatibility_Testing\testng.xml">
      <![CDATA[org.testng.TestNGException: 
Parameter 'browser' is required by BeforeMethod on method setup but has not been marked @Optional or defined
in C:\Users\Tathagat\eclipse-workspace\Browser_Compatibility_Testing\testng.xml
at java.base/java.util.ArrayList.forEach(ArrayList.java:1511)
... Removed 28 stack frames]]>
    </failure>
  </testcase> <!-- @BeforeMethod setup -->
  <testcase classname="Com.BCT.TestCses.LoginTest" name="@AfterMethod teardown" time="-1.671009213354E9">
    <skipped/>
  </testcase> <!-- @AfterMethod teardown -->
  <testcase classname="Com.BCT.TestCses.LoginTest" name="login" time="0.0">
    <skipped/>
  </testcase> <!-- login -->
</testsuite> <!-- Test -->
